TN:
SF:server/index.js
FN:36,(anonymous_0)
FN:41,(anonymous_1)
FNF:2
FNH:1
FNDA:0,(anonymous_0)
FNDA:1,(anonymous_1)
DA:1,1
DA:2,1
DA:3,1
DA:4,1
DA:5,1
DA:6,1
DA:7,1
DA:9,1
DA:11,1
DA:12,1
DA:13,1
DA:14,1
DA:16,1
DA:18,1
DA:19,1
DA:20,1
DA:26,1
DA:27,1
DA:29,1
DA:30,1
DA:31,1
DA:33,1
DA:34,1
DA:35,0
DA:36,0
DA:37,0
DA:41,1
DA:42,1
DA:49,1
LF:29
LH:26
BRDA:34,0,0,0
BRDA:34,0,1,1
BRF:2
BRH:1
end_of_record
TN:
SF:server/config/keys.js
FNF:0
FNH:0
DA:1,1
LF:1
LH:1
BRDA:8,0,0,1
BRDA:8,0,1,0
BRF:2
BRH:1
end_of_record
TN:
SF:server/config/tax.js
FNF:0
FNH:0
DA:1,1
LF:1
LH:1
BRF:0
BRH:0
end_of_record
TN:
SF:server/constants/index.js
FNF:0
FNH:0
DA:1,1
DA:7,1
DA:13,1
DA:21,1
DA:27,1
LF:5
LH:5
BRF:0
BRH:0
end_of_record
TN:
SF:server/middleware/auth.js
FNF:0
FNH:0
DA:1,1
DA:3,1
DA:5,1
LF:3
LH:3
BRF:0
BRH:0
end_of_record
TN:
SF:server/middleware/role.js
FN:2,(anonymous_0)
FN:3,(anonymous_1)
FN:8,(anonymous_2)
FNF:3
FNH:3
FNDA:20,(anonymous_0)
FNDA:36,(anonymous_1)
FNDA:36,(anonymous_2)
DA:2,1
DA:3,20
DA:4,36
DA:5,0
DA:8,36
DA:9,36
DA:10,0
DA:13,36
DA:16,1
DA:17,1
LF:10
LH:8
BRDA:4,0,0,0
BRDA:4,0,1,36
BRDA:9,1,0,0
BRDA:9,1,1,36
BRF:4
BRH:2
end_of_record
TN:
SF:server/models/address.js
FNF:0
FNH:0
DA:1,1
DA:2,1
DA:5,1
DA:36,1
LF:4
LH:4
BRF:0
BRH:0
end_of_record
TN:
SF:server/models/brand.js
FNF:0
FNH:0
DA:1,1
DA:2,1
DA:3,1
DA:5,1
DA:11,1
DA:14,1
DA:48,1
LF:7
LH:7
BRF:0
BRH:0
end_of_record
TN:
SF:server/models/cart.js
FNF:0
FNH:0
DA:1,1
DA:3,1
DA:5,1
DA:8,1
DA:43,1
DA:46,1
DA:59,1
LF:7
LH:7
BRF:0
BRH:0
end_of_record
TN:
SF:server/models/category.js
FNF:0
FNH:0
DA:1,1
DA:2,1
DA:3,1
DA:5,1
DA:11,1
DA:14,1
DA:53,1
LF:7
LH:7
BRF:0
BRH:0
end_of_record
TN:
SF:server/models/contact.js
FNF:0
FNH:0
DA:1,1
DA:2,1
DA:5,1
DA:24,1
LF:4
LH:4
BRF:0
BRH:0
end_of_record
TN:
SF:server/models/merchant.js
FNF:0
FNH:0
DA:1,1
DA:3,1
DA:5,1
DA:8,1
DA:51,1
LF:5
LH:5
BRF:0
BRH:0
end_of_record
TN:
SF:server/models/order.js
FNF:0
FNH:0
DA:1,1
DA:2,1
DA:5,1
DA:25,1
LF:4
LH:4
BRF:0
BRH:0
end_of_record
TN:
SF:server/models/product.js
FNF:0
FNH:0
DA:1,1
DA:2,1
DA:3,1
DA:5,1
DA:11,1
DA:14,1
DA:63,1
LF:7
LH:7
BRF:0
BRH:0
end_of_record
TN:
SF:server/models/review.js
FNF:0
FNH:0
DA:1,1
DA:3,1
DA:5,1
DA:8,1
DA:51,1
LF:5
LH:5
BRF:0
BRH:0
end_of_record
TN:
SF:server/models/user.js
FN:11,(anonymous_0)
FNF:1
FNH:1
FNDA:2,(anonymous_0)
DA:1,1
DA:3,1
DA:5,1
DA:8,1
DA:12,2
DA:60,1
LF:6
LH:6
BRDA:12,0,0,2
BRDA:12,0,1,0
BRF:2
BRH:1
end_of_record
TN:
SF:server/models/wishlist.js
FNF:0
FNH:0
DA:1,1
DA:2,1
DA:5,1
DA:30,1
LF:4
LH:4
BRF:0
BRH:0
end_of_record
TN:
SF:server/routes/index.js
FN:11,(anonymous_0)
FNF:1
FNH:0
FNDA:0,(anonymous_0)
DA:1,1
DA:2,1
DA:4,1
DA:5,1
DA:7,1
DA:10,1
DA:11,1
DA:13,1
LF:8
LH:8
BRF:0
BRH:0
end_of_record
TN:
SF:server/routes/api/address.js
FN:9,(anonymous_0)
FN:32,(anonymous_1)
FN:46,(anonymous_2)
FN:68,(anonymous_3)
FN:91,(anonymous_4)
FNF:5
FNH:5
FNDA:14,(anonymous_0)
FNDA:6,(anonymous_1)
FNDA:2,(anonymous_2)
FNDA:10,(anonymous_3)
FNDA:1,(anonymous_4)
DA:1,1
DA:2,1
DA:5,1
DA:6,1
DA:9,1
DA:10,14
DA:11,14
DA:13,14
DA:17,14
DA:19,14
DA:25,0
DA:32,1
DA:33,6
DA:34,6
DA:36,6
DA:40,0
DA:46,1
DA:47,2
DA:48,2
DA:50,2
DA:52,2
DA:53,0
DA:58,2
DA:62,0
DA:68,1
DA:69,10
DA:70,10
DA:71,10
DA:72,10
DA:76,10
DA:80,10
DA:85,0
DA:91,1
DA:92,1
DA:93,1
DA:95,1
DA:101,0
DA:107,1
LF:38
LH:32
BRDA:52,0,0,0
BRDA:52,0,1,2
BRF:2
BRH:1
end_of_record
TN:
SF:server/routes/api/brand.js
FN:13,(anonymous_0)
FN:46,(anonymous_1)
FN:67,(anonymous_2)
FN:90,(anonymous_3)
FN:119,(anonymous_4)
FN:149,(anonymous_5)
FN:184,(anonymous_6)
FN:216,(anonymous_7)
FN:235,(anonymous_8)
FNF:9
FNH:7
FNDA:4,(anonymous_0)
FNDA:3,(anonymous_1)
FNDA:0,(anonymous_2)
FNDA:4,(anonymous_3)
FNDA:3,(anonymous_4)
FNDA:0,(anonymous_5)
FNDA:2,(anonymous_6)
FNDA:1,(anonymous_7)
FNDA:1,(anonymous_8)
DA:1,1
DA:2,1
DA:5,1
DA:6,1
DA:7,1
DA:8,1
DA:9,1
DA:10,1
DA:11,1
DA:13,1
DA:14,4
DA:15,4
DA:16,4
DA:17,4
DA:19,4
DA:20,2
DA:25,2
DA:31,2
DA:33,2
DA:39,0
DA:46,1
DA:47,3
DA:48,3
DA:52,3
DA:56,0
DA:63,1
DA:68,0
DA:69,0
DA:71,0
DA:72,0
DA:76,0
DA:79,0
DA:83,0
DA:90,1
DA:91,4
DA:92,4
DA:94,4
DA:99,4
DA:100,0
DA:105,4
DA:109,0
DA:115,1
DA:120,3
DA:121,3
DA:123,3
DA:124,0
DA:131,3
DA:134,3
DA:138,0
DA:145,1
DA:150,0
DA:151,0
DA:152,0
DA:153,0
DA:154,0
DA:156,0
DA:160,0
DA:161,0
DA:164,0
DA:168,0
DA:173,0
DA:180,1
DA:185,2
DA:186,2
DA:187,2
DA:188,2
DA:191,2
DA:192,1
DA:193,1
DA:196,1
DA:200,1
DA:205,1
DA:212,1
DA:217,1
DA:218,1
DA:219,1
DA:220,1
DA:222,1
DA:228,0
DA:235,1
DA:236,1
DA:240,1
DA:241,0
DA:242,0
DA:243,0
DA:248,0
DA:253,1
LF:87
LH:58
BRDA:19,0,0,2
BRDA:19,0,1,2
BRDA:19,1,0,4
BRDA:19,1,1,3
BRDA:71,2,0,0
BRDA:71,2,1,0
BRDA:99,3,0,0
BRDA:99,3,1,4
BRDA:123,4,0,0
BRDA:123,4,1,3
BRDA:160,5,0,0
BRDA:160,5,1,0
BRDA:160,6,0,0
BRDA:160,6,1,0
BRDA:191,7,0,1
BRDA:191,7,1,0
BRDA:240,8,0,1
BRDA:240,8,1,0
BRDA:240,9,0,1
BRDA:240,9,1,1
BRF:20
BRH:10
end_of_record
TN:
SF:server/routes/api/cart.js
FN:10,(anonymous_0)
FN:37,(anonymous_1)
FN:51,(anonymous_2)
FN:68,(anonymous_3)
FN:85,(anonymous_4)
FN:86,(anonymous_5)
FNF:6
FNH:5
FNDA:1,(anonymous_0)
FNDA:1,(anonymous_1)
FNDA:0,(anonymous_2)
FNDA:1,(anonymous_3)
FNDA:1,(anonymous_4)
FNDA:1,(anonymous_5)
DA:1,1
DA:2,1
DA:5,1
DA:6,1
DA:7,1
DA:8,1
DA:10,1
DA:11,1
DA:12,1
DA:13,1
DA:15,1
DA:17,1
DA:22,1
DA:24,1
DA:26,1
DA:31,0
DA:37,1
DA:38,1
DA:39,1
DA:41,1
DA:45,0
DA:51,1
DA:52,0
DA:53,0
DA:54,0
DA:56,0
DA:58,0
DA:62,0
DA:68,1
DA:69,1
DA:70,1
DA:71,1
DA:73,1
DA:75,1
DA:79,0
DA:85,1
DA:86,1
DA:87,1
DA:95,1
DA:98,1
LF:40
LH:31
BRF:0
BRH:0
end_of_record
TN:
SF:server/routes/api/category.js
FN:12,(anonymous_0)
FN:31,(anonymous_1)
FN:47,(anonymous_2)
FN:61,(anonymous_3)
FN:75,(anonymous_4)
FN:100,(anonymous_5)
FN:130,(anonymous_6)
FN:165,(anonymous_7)
FNF:8
FNH:8
FNDA:4,(anonymous_0)
FNDA:2,(anonymous_1)
FNDA:2,(anonymous_2)
FNDA:4,(anonymous_3)
FNDA:2,(anonymous_4)
FNDA:2,(anonymous_5)
FNDA:2,(anonymous_6)
FNDA:1,(anonymous_7)
DA:1,1
DA:2,1
DA:3,1
DA:6,1
DA:7,1
DA:8,1
DA:9,1
DA:10,1
DA:12,1
DA:13,4
DA:14,4
DA:15,4
DA:16,4
DA:18,4
DA:19,2
DA:24,2
DA:31,2
DA:32,2
DA:33,0
DA:38,2
DA:47,1
DA:48,2
DA:49,2
DA:50,2
DA:54,0
DA:61,1
DA:62,4
DA:63,4
DA:64,4
DA:68,0
DA:75,1
DA:76,2
DA:77,2
DA:79,2
DA:84,2
DA:85,0
DA:90,2
DA:94,0
DA:100,1
DA:101,2
DA:102,2
DA:103,2
DA:104,2
DA:105,2
DA:107,1
DA:111,1
DA:112,0
DA:115,1
DA:119,1
DA:124,1
DA:130,1
DA:131,2
DA:132,2
DA:133,2
DA:134,2
DA:137,2
DA:138,1
DA:143,1
DA:146,1
DA:150,1
DA:155,1
DA:161,1
DA:166,1
DA:167,1
DA:169,1
DA:175,0
DA:182,1
LF:67
LH:60
BRDA:18,0,0,2
BRDA:18,0,1,2
BRDA:18,1,0,4
BRDA:18,1,1,3
BRDA:32,2,0,0
BRDA:32,2,1,2
BRDA:84,3,0,0
BRDA:84,3,1,2
BRDA:111,4,0,0
BRDA:111,4,1,1
BRDA:111,5,0,1
BRDA:111,5,1,1
BRDA:137,6,0,1
BRDA:137,6,1,0
BRF:14
BRH:10
end_of_record
TN:
SF:server/routes/api/contact.js
FN:8,(anonymous_0)
FNF:1
FNH:1
FNDA:4,(anonymous_0)
DA:1,1
DA:2,1
DA:5,1
DA:6,1
DA:8,1
DA:9,4
DA:10,4
DA:11,4
DA:12,4
DA:14,4
DA:15,1
DA:20,3
DA:21,1
DA:26,2
DA:27,1
DA:30,1
DA:32,1
DA:33,0
DA:38,1
DA:44,1
DA:46,1
DA:48,1
DA:54,0
DA:60,1
LF:24
LH:22
BRDA:14,0,0,1
BRDA:14,0,1,3
BRDA:20,1,0,1
BRDA:20,1,1,2
BRDA:26,2,0,1
BRDA:26,2,1,1
BRDA:32,3,0,0
BRDA:32,3,1,1
BRF:8
BRH:7
end_of_record
TN:
SF:server/routes/api/index.js
FNF:0
FNH:0
DA:1,1
DA:3,1
DA:4,1
DA:5,1
DA:6,1
DA:7,1
DA:8,1
DA:9,1
DA:10,1
DA:11,1
DA:12,1
DA:13,1
DA:14,1
DA:15,1
DA:18,1
DA:21,1
DA:24,1
DA:27,1
DA:30,1
DA:33,1
DA:36,1
DA:39,1
DA:42,1
DA:45,1
DA:48,1
DA:51,1
DA:54,1
DA:56,1
LF:28
LH:28
BRF:0
BRH:0
end_of_record
TN:
SF:server/routes/api/newsletter.js
FN:7,(anonymous_0)
FNF:1
FNH:1
FNDA:2,(anonymous_0)
DA:1,1
DA:2,1
DA:4,1
DA:5,1
DA:7,1
DA:8,2
DA:10,2
DA:11,1
DA:14,1
DA:16,1
DA:17,0
DA:20,1
DA:22,1
DA:28,1
LF:14
LH:13
BRDA:10,0,0,1
BRDA:10,0,1,1
BRDA:16,1,0,0
BRDA:16,1,1,1
BRF:4
BRH:3
end_of_record
TN:
SF:server/routes/api/review.js
FN:10,(anonymous_0)
FN:35,(anonymous_1)
FN:68,(anonymous_2)
FN:101,(anonymous_3)
FN:123,(anonymous_4)
FN:148,(anonymous_5)
FN:171,(anonymous_6)
FNF:7
FNH:4
FNDA:2,(anonymous_0)
FNDA:0,(anonymous_1)
FNDA:0,(anonymous_2)
FNDA:0,(anonymous_3)
FNDA:2,(anonymous_4)
FNDA:1,(anonymous_5)
FNDA:1,(anonymous_6)
DA:1,1
DA:2,1
DA:5,1
DA:6,1
DA:7,1
DA:8,1
DA:10,1
DA:11,2
DA:12,2
DA:14,2
DA:15,2
DA:20,2
DA:22,2
DA:28,0
DA:35,1
DA:36,0
DA:37,0
DA:39,0
DA:53,0
DA:55,0
DA:62,0
DA:68,1
DA:69,0
DA:70,0
DA:73,0
DA:75,0
DA:76,0
DA:81,0
DA:91,0
DA:95,0
DA:101,1
DA:102,0
DA:103,0
DA:104,0
DA:105,0
DA:107,0
DA:111,0
DA:116,0
DA:123,1
DA:124,2
DA:125,2
DA:127,2
DA:128,2
DA:133,2
DA:137,2
DA:141,0
DA:148,1
DA:149,1
DA:150,1
DA:152,1
DA:153,1
DA:157,1
DA:161,1
DA:165,0
DA:171,1
DA:172,1
DA:173,1
DA:175,1
DA:181,0
DA:187,1
LF:60
LH:35
BRDA:37,0,0,0
BRDA:37,1,0,0
BRDA:73,2,0,0
BRDA:73,2,1,0
BRDA:75,3,0,0
BRDA:75,3,1,0
BRDA:75,4,0,0
BRDA:75,4,1,0
BRF:8
BRH:0
end_of_record
TN:
SF:server/routes/api/user.js
FN:11,(anonymous_0)
FN:39,(anonymous_1)
FN:65,(anonymous_2)
FN:87,(anonymous_3)
FNF:4
FNH:2
FNDA:0,(anonymous_0)
FNDA:0,(anonymous_1)
FNDA:4,(anonymous_2)
FNDA:2,(anonymous_3)
DA:1,1
DA:2,1
DA:5,1
DA:6,1
DA:7,1
DA:8,1
DA:11,1
DA:12,0
DA:13,0
DA:15,0
DA:17,0
DA:28,0
DA:32,0
DA:39,1
DA:40,0
DA:41,0
DA:43,0
DA:50,0
DA:52,0
DA:59,0
DA:65,1
DA:66,4
DA:67,4
DA:68,4
DA:77,4
DA:81,0
DA:87,1
DA:88,2
DA:89,2
DA:90,2
DA:91,2
DA:93,2
DA:97,2
DA:103,0
DA:109,1
LF:35
LH:21
BRDA:41,0,0,0
BRDA:41,1,0,0
BRF:2
BRH:0
end_of_record
TN:
SF:server/services/mailchimp.js
FN:8,(anonymous_0)
FN:19,(anonymous_1)
FNF:2
FNH:2
FNDA:1,(anonymous_0)
FNDA:1,(anonymous_1)
DA:1,1
DA:3,1
DA:5,1
DA:9,1
DA:10,1
DA:12,1
DA:17,1
DA:19,1
DA:20,1
DA:21,1
DA:26,1
LF:11
LH:11
BRF:0
BRH:0
end_of_record
TN:
SF:server/services/mailgun.js
FN:9,(anonymous_0)
FN:23,(anonymous_1)
FN:40,(anonymous_2)
FNF:3
FNH:3
FNDA:1,(anonymous_0)
FNDA:11,(anonymous_1)
FNDA:11,(anonymous_2)
DA:1,1
DA:3,1
DA:4,1
DA:6,1
DA:10,1
DA:11,1
DA:16,1
DA:21,1
DA:23,1
DA:24,11
DA:25,11
DA:27,9
DA:34,9
DA:36,11
DA:40,1
DA:43,11
DA:45,1
DA:46,1
DA:49,1
DA:50,1
DA:53,0
DA:54,0
DA:57,0
DA:58,0
DA:61,0
DA:62,0
DA:65,1
DA:66,1
DA:69,1
DA:70,1
DA:73,4
DA:74,4
DA:77,1
DA:78,1
DA:81,2
DA:82,0
DA:85,0
DA:88,9
LF:38
LH:30
BRDA:43,0,0,1
BRDA:43,0,1,1
BRDA:43,0,2,0
BRDA:43,0,3,0
BRDA:43,0,4,0
BRDA:43,0,5,1
BRDA:43,0,6,1
BRDA:43,0,7,4
BRDA:43,0,8,1
BRDA:43,0,9,2
BRDA:43,0,10,0
BRF:11
BRH:7
end_of_record
